<?xml version="1.0" encoding="UTF-8"?>
<testsuite xmlns:xsi="http://www.w3.org/2001/XMLSchema-instance" xsi:noNamespaceSchemaLocation="https://maven.apache.org/surefire/maven-surefire-plugin/xsd/surefire-test-report.xsd" name="ThreeCardTest" time="0.019" tests="41" errors="0" skipped="0" failures="0">
  <properties>
    <property name="java.specification.version" value="13"/>
    <property name="sun.jnu.encoding" value="UTF-8"/>
    <property name="java.class.path" value="/Users/waynekao/eclipse-workspace/ThreeCardPoker_Project2_Sp2020/target/test-classes:/Users/waynekao/eclipse-workspace/ThreeCardPoker_Project2_Sp2020/target/classes:/Users/waynekao/.m2/repository/org/junit/jupiter/junit-jupiter-api/5.4.2/junit-jupiter-api-5.4.2.jar:/Users/waynekao/.m2/repository/org/apiguardian/apiguardian-api/1.0.0/apiguardian-api-1.0.0.jar:/Users/waynekao/.m2/repository/org/opentest4j/opentest4j/1.1.1/opentest4j-1.1.1.jar:/Users/waynekao/.m2/repository/org/junit/platform/junit-platform-commons/1.4.2/junit-platform-commons-1.4.2.jar:/Users/waynekao/.m2/repository/org/junit/jupiter/junit-jupiter-engine/5.4.2/junit-jupiter-engine-5.4.2.jar:/Users/waynekao/.m2/repository/org/junit/platform/junit-platform-engine/1.4.2/junit-platform-engine-1.4.2.jar:/Users/waynekao/.m2/repository/org/junit/jupiter/junit-jupiter-params/5.4.2/junit-jupiter-params-5.4.2.jar:/Users/waynekao/.m2/repository/org/openjfx/javafx-controls/12.0.1/javafx-controls-12.0.1.jar:/Users/waynekao/.m2/repository/org/openjfx/javafx-controls/12.0.1/javafx-controls-12.0.1-mac.jar:/Users/waynekao/.m2/repository/org/openjfx/javafx-graphics/12.0.1/javafx-graphics-12.0.1.jar:/Users/waynekao/.m2/repository/org/openjfx/javafx-graphics/12.0.1/javafx-graphics-12.0.1-mac.jar:/Users/waynekao/.m2/repository/org/openjfx/javafx-base/12.0.1/javafx-base-12.0.1.jar:/Users/waynekao/.m2/repository/org/openjfx/javafx-base/12.0.1/javafx-base-12.0.1-mac.jar:/Users/waynekao/.m2/repository/org/openjfx/javafx-fxml/12/javafx-fxml-12.jar:/Users/waynekao/.m2/repository/org/openjfx/javafx-fxml/12/javafx-fxml-12-mac.jar:"/>
    <property name="java.vm.vendor" value="Oracle Corporation"/>
    <property name="sun.arch.data.model" value="64"/>
    <property name="java.vendor.url" value="https://java.oracle.com/"/>
    <property name="os.name" value="Mac OS X"/>
    <property name="java.vm.specification.version" value="13"/>
    <property name="sun.java.launcher" value="SUN_STANDARD"/>
    <property name="user.country" value="US"/>
    <property name="sun.boot.library.path" value="/Library/Java/JavaVirtualMachines/jdk-13.0.2.jdk/Contents/Home/lib"/>
    <property name="sun.java.command" value="/Users/waynekao/eclipse-workspace/ThreeCardPoker_Project2_Sp2020/target/surefire/surefirebooter10157936452920918977.jar /Users/waynekao/eclipse-workspace/ThreeCardPoker_Project2_Sp2020/target/surefire 2020-03-08T16-52-23_471-jvmRun1 surefire15289003358811267854tmp surefire_07084055654720646998tmp"/>
    <property name="jdk.debug" value="release"/>
    <property name="surefire.test.class.path" value="/Users/waynekao/eclipse-workspace/ThreeCardPoker_Project2_Sp2020/target/test-classes:/Users/waynekao/eclipse-workspace/ThreeCardPoker_Project2_Sp2020/target/classes:/Users/waynekao/.m2/repository/org/junit/jupiter/junit-jupiter-api/5.4.2/junit-jupiter-api-5.4.2.jar:/Users/waynekao/.m2/repository/org/apiguardian/apiguardian-api/1.0.0/apiguardian-api-1.0.0.jar:/Users/waynekao/.m2/repository/org/opentest4j/opentest4j/1.1.1/opentest4j-1.1.1.jar:/Users/waynekao/.m2/repository/org/junit/platform/junit-platform-commons/1.4.2/junit-platform-commons-1.4.2.jar:/Users/waynekao/.m2/repository/org/junit/jupiter/junit-jupiter-engine/5.4.2/junit-jupiter-engine-5.4.2.jar:/Users/waynekao/.m2/repository/org/junit/platform/junit-platform-engine/1.4.2/junit-platform-engine-1.4.2.jar:/Users/waynekao/.m2/repository/org/junit/jupiter/junit-jupiter-params/5.4.2/junit-jupiter-params-5.4.2.jar:/Users/waynekao/.m2/repository/org/openjfx/javafx-controls/12.0.1/javafx-controls-12.0.1.jar:/Users/waynekao/.m2/repository/org/openjfx/javafx-controls/12.0.1/javafx-controls-12.0.1-mac.jar:/Users/waynekao/.m2/repository/org/openjfx/javafx-graphics/12.0.1/javafx-graphics-12.0.1.jar:/Users/waynekao/.m2/repository/org/openjfx/javafx-graphics/12.0.1/javafx-graphics-12.0.1-mac.jar:/Users/waynekao/.m2/repository/org/openjfx/javafx-base/12.0.1/javafx-base-12.0.1.jar:/Users/waynekao/.m2/repository/org/openjfx/javafx-base/12.0.1/javafx-base-12.0.1-mac.jar:/Users/waynekao/.m2/repository/org/openjfx/javafx-fxml/12/javafx-fxml-12.jar:/Users/waynekao/.m2/repository/org/openjfx/javafx-fxml/12/javafx-fxml-12-mac.jar:"/>
    <property name="sun.cpu.endian" value="little"/>
    <property name="user.home" value="/Users/waynekao"/>
    <property name="user.language" value="en"/>
    <property name="java.specification.vendor" value="Oracle Corporation"/>
    <property name="java.version.date" value="2020-01-14"/>
    <property name="java.home" value="/Library/Java/JavaVirtualMachines/jdk-13.0.2.jdk/Contents/Home"/>
    <property name="file.separator" value="/"/>
    <property name="basedir" value="/Users/waynekao/eclipse-workspace/ThreeCardPoker_Project2_Sp2020"/>
    <property name="java.vm.compressedOopsMode" value="Zero based"/>
    <property name="line.separator" value="&#10;"/>
    <property name="java.vm.specification.vendor" value="Oracle Corporation"/>
    <property name="java.specification.name" value="Java Platform API Specification"/>
    <property name="surefire.real.class.path" value="/Users/waynekao/eclipse-workspace/ThreeCardPoker_Project2_Sp2020/target/surefire/surefirebooter10157936452920918977.jar"/>
    <property name="sun.management.compiler" value="HotSpot 64-Bit Tiered Compilers"/>
    <property name="java.runtime.version" value="13.0.2+8"/>
    <property name="user.name" value="waynekao"/>
    <property name="path.separator" value=":"/>
    <property name="os.version" value="10.14.6"/>
    <property name="java.runtime.name" value="Java(TM) SE Runtime Environment"/>
    <property name="file.encoding" value="UTF-8"/>
    <property name="java.vm.name" value="Java HotSpot(TM) 64-Bit Server VM"/>
    <property name="localRepository" value="/Users/waynekao/.m2/repository"/>
    <property name="java.vendor.url.bug" value="https://bugreport.java.com/bugreport/"/>
    <property name="java.io.tmpdir" value="/var/folders/4b/prh48wwd36d87w_1t0x6bqvw0000gn/T/"/>
    <property name="java.version" value="13.0.2"/>
    <property name="user.dir" value="/Users/waynekao/eclipse-workspace/ThreeCardPoker_Project2_Sp2020"/>
    <property name="os.arch" value="x86_64"/>
    <property name="java.vm.specification.name" value="Java Virtual Machine Specification"/>
    <property name="java.library.path" value="/Users/waynekao/Library/Java/Extensions:/Library/Java/Extensions:/Network/Library/Java/Extensions:/System/Library/Java/Extensions:/usr/lib/java:."/>
    <property name="java.vm.info" value="mixed mode, sharing"/>
    <property name="java.vendor" value="Oracle Corporation"/>
    <property name="java.vm.version" value="13.0.2+8"/>
    <property name="sun.io.unicode.encoding" value="UnicodeBig"/>
    <property name="java.class.version" value="57.0"/>
  </properties>
  <testcase name="testEvalPPWinningsStraight" classname="ThreeCardTest" time="0"/>
  <testcase name="testCompareHandsStraightFlushHighHand" classname="ThreeCardTest" time="0"/>
  <testcase name="testCompareHandsPairEqualHigherHand" classname="ThreeCardTest" time="0"/>
  <testcase name="testEvalHandStraightEdge" classname="ThreeCardTest" time="0"/>
  <testcase name="testCompareHandsStraight_StraightFlush" classname="ThreeCardTest" time="0"/>
  <testcase name="testCompareHandsThreeStraightFlush" classname="ThreeCardTest" time="0"/>
  <testcase name="testEvalPPWinningsStraightFlush" classname="ThreeCardTest" time="0"/>
  <testcase name="testCompareHandsPairEqualSameHand" classname="ThreeCardTest" time="0"/>
  <testcase name="testCompareHandsStraightHighHand" classname="ThreeCardTest" time="0"/>
  <testcase name="testCompareHandsStraightEqualLowerHand" classname="ThreeCardTest" time="0"/>
  <testcase name="testCompareHandsStraightEqualSameHand" classname="ThreeCardTest" time="0"/>
  <testcase name="testEvalHandStraightFlushEdge" classname="ThreeCardTest" time="0"/>
  <testcase name="testCompareHandsPairEqualLowerHand" classname="ThreeCardTest" time="0"/>
  <testcase name="testCompareHandsStraightFlushEqualSameHand" classname="ThreeCardTest" time="0"/>
  <testcase name="testCompareHandsStraightFlushEqualLowerHand" classname="ThreeCardTest" time="0.002"/>
  <testcase name="testCompareHandsPairStraightFlush" classname="ThreeCardTest" time="0"/>
  <testcase name="testEvalHandThreeOfKind" classname="ThreeCardTest" time="0.001"/>
  <testcase name="testHighHandSameHand" classname="ThreeCardTest" time="0.001"/>
  <testcase name="testCompareHandsFlushEqualHigherHand" classname="ThreeCardTest" time="0"/>
  <testcase name="testLowerHandCard" classname="ThreeCardTest" time="0.001"/>
  <testcase name="testEvalHandFlush" classname="ThreeCardTest" time="0.001"/>
  <testcase name="testEvalHandPairs" classname="ThreeCardTest" time="0"/>
  <testcase name="testCompareHandsStraightFlushEqualHigherHand" classname="ThreeCardTest" time="0.001"/>
  <testcase name="testCompareHandsPairHighHand" classname="ThreeCardTest" time="0"/>
  <testcase name="testCompareHandsThreeEqualHigherHand" classname="ThreeCardTest" time="0"/>
  <testcase name="testCompareHandsFlushEqualSameHand" classname="ThreeCardTest" time="0"/>
  <testcase name="testCompareHandsFlushHighHand" classname="ThreeCardTest" time="0"/>
  <testcase name="testCompareHandsStraightEqualHigherHand" classname="ThreeCardTest" time="0"/>
  <testcase name="testEvalHandStraightFlush" classname="ThreeCardTest" time="0.001"/>
  <testcase name="testCompareHandsThreeHighHand" classname="ThreeCardTest" time="0"/>
  <testcase name="testEvalPPWinningsThreeOfKind" classname="ThreeCardTest" time="0"/>
  <testcase name="testEvalHandStraight" classname="ThreeCardTest" time="0.001"/>
  <testcase name="testCompareHandsThreeEqualLowerHand" classname="ThreeCardTest" time="0"/>
  <testcase name="testCompareHandsFlushStraightFlush" classname="ThreeCardTest" time="0.001"/>
  <testcase name="testCompareHandsThreeEqualSameHand" classname="ThreeCardTest" time="0"/>
  <testcase name="testEvalPPWinningsFlush" classname="ThreeCardTest" time="0"/>
  <testcase name="testEvalPPWinningsPairs" classname="ThreeCardTest" time="0.001"/>
  <testcase name="testHighHandLowerCard" classname="ThreeCardTest" time="0"/>
  <testcase name="testEvalHandHighCard" classname="ThreeCardTest" time="0.001"/>
  <testcase name="testHighHandQueenException" classname="ThreeCardTest" time="0"/>
  <testcase name="testCompareHandsFlushEqualLowerHand" classname="ThreeCardTest" time="0"/>
</testsuite>